\BOOKMARK [1][-]{section.1}{Introduction}{}% 1
\BOOKMARK [1][-]{section.2}{Related\040work}{}% 2
\BOOKMARK [1][-]{section.3}{KNN-Q\040algorithm}{}% 3
\BOOKMARK [1][-]{section.4}{Environment\040model}{}% 4
\BOOKMARK [2][-]{subsubsection.4.0.1}{Environment\040status}{section.4}% 5
\BOOKMARK [3][-]{subsubsection.4.0.2}{Selection\040action}{subsubsection.4.0.1}% 6
\BOOKMARK [2][-]{subsection.4.1}{Reward\040function}{section.4}% 7
\BOOKMARK [3][-]{subsubsection.4.1.1}{Video\040quality}{subsection.4.1}% 8
\BOOKMARK [3][-]{subsubsection.4.1.2}{Video\040quality\040oscillation}{subsection.4.1}% 9
\BOOKMARK [3][-]{subsubsection.4.1.3}{Buffer\040security}{subsection.4.1}% 10
\BOOKMARK [3][-]{subsubsection.4.1.4}{Total\040reward\040function}{subsection.4.1}% 11
\BOOKMARK [2][-]{subsection.4.2}{Exploration\040strategy}{section.4}% 12
\BOOKMARK [2][-]{subsection.4.3}{KNN-Q\040algorithm\040implementation}{section.4}% 13
\BOOKMARK [3][-]{subsubsection.4.3.1}{State\040division}{subsection.4.3}% 14
\BOOKMARK [3][-]{subsubsection.4.3.2}{Q\040table\040update}{subsection.4.3}% 15
\BOOKMARK [1][-]{section.5}{Simulation}{}% 16
\BOOKMARK [2][-]{subsection.5.1}{Video\040evaluation\040indicator}{section.5}% 17
\BOOKMARK [2][-]{subsection.5.2}{Test\040video}{section.5}% 18
\BOOKMARK [2][-]{subsection.5.3}{Simulation\040experiment\040parameter}{section.5}% 19
\BOOKMARK [2][-]{subsection.5.4}{Experimental\040results\040and\040analysis}{section.5}% 20
\BOOKMARK [3][-]{subsubsection.5.4.1}{Simple\040scene}{subsection.5.4}% 21
\BOOKMARK [3][-]{subsubsection.5.4.2}{Regular\040scene}{subsection.5.4}% 22
\BOOKMARK [3][-]{subsubsection.5.4.3}{Complex\040scene}{subsection.5.4}% 23
\BOOKMARK [3][-]{subsubsection.5.4.4}{The\040sensitivity\040of\040K}{subsection.5.4}% 24
\BOOKMARK [3][-]{subsubsection.5.4.5}{Distance\040formula\040sensitivity}{subsection.5.4}% 25
\BOOKMARK [1][-]{section.6}{Conclusion}{}% 26
\BOOKMARK [1][-]{section*.25}{References}{}% 27
