\BOOKMARK [1][-]{section.1}{\376\377\122\115\212\000}{}% 1
\BOOKMARK [1][-]{section.2}{\376\377\166\370\121\163\135\345\117\134}{}% 2
\BOOKMARK [1][-]{section.3}{\376\377\127\372\116\216\000K\000N\000N\000-\000Q\166\204\170\001\163\207\201\352\220\002\136\224\173\227\154\325}{}% 3
\BOOKMARK [2][-]{subsection.3.1}{\376\377\163\257\130\203\136\372\152\041}{section.3}% 4
\BOOKMARK [3][-]{subsubsection.3.1.1}{\376\377\163\257\130\203\162\266\140\001}{subsection.3.1}% 5
\BOOKMARK [3][-]{subsubsection.3.1.2}{\376\377\122\250\117\134}{subsection.3.1}% 6
\BOOKMARK [2][-]{subsection.3.2}{\376\377\126\336\142\245\121\375\145\160}{section.3}% 7
\BOOKMARK [3][-]{subsubsection.3.2.1}{\376\377\211\306\230\221\215\050\221\317}{subsection.3.2}% 8
\BOOKMARK [3][-]{subsubsection.3.2.2}{\376\377\211\306\230\221\215\050\221\317\143\057\203\141}{subsection.3.2}% 9
\BOOKMARK [3][-]{subsubsection.3.2.3}{\376\377\177\023\133\130\123\072\133\211\121\150\140\047}{subsection.3.2}% 10
\BOOKMARK [3][-]{subsubsection.3.2.4}{\376\377\140\073\126\336\142\245\121\375\145\160}{subsection.3.2}% 11
\BOOKMARK [2][-]{subsection.3.3}{\376\377\143\242\175\042\173\126\165\145}{section.3}% 12
\BOOKMARK [2][-]{subsection.3.4}{\376\377\000K\000N\000N\000-\000Q\173\227\154\325\133\236\163\260}{section.3}% 13
\BOOKMARK [3][-]{subsubsection.3.4.1}{\376\377\162\266\140\001\122\022\122\006}{subsection.3.4}% 14
\BOOKMARK [3][-]{subsubsection.3.4.2}{\376\377\000Q\210\150\146\364\145\260}{subsection.3.4}% 15
\BOOKMARK [1][-]{section.4}{\376\377\116\377\167\037\133\236\232\214}{}% 16
\BOOKMARK [2][-]{subsection.4.1}{\376\377\211\306\230\221\213\304\116\367\143\007\150\007}{section.4}% 17
\BOOKMARK [2][-]{subsection.4.2}{\376\377\155\113\213\325\211\306\230\221}{section.4}% 18
\BOOKMARK [2][-]{subsection.4.3}{\376\377\116\377\167\037\133\236\232\214\123\302\145\160\213\276\177\156}{section.4}% 19
\BOOKMARK [2][-]{subsection.4.4}{\376\377\133\236\232\214\176\323\147\234\116\016\122\006\147\220}{section.4}% 20
\BOOKMARK [3][-]{subsubsection.4.4.1}{\376\377\173\200\123\125\127\072\146\157}{subsection.4.4}% 21
\BOOKMARK [3][-]{subsubsection.4.4.2}{\376\377\136\070\211\304\127\072\146\157}{subsection.4.4}% 22
\BOOKMARK [3][-]{subsubsection.4.4.3}{\376\377\131\015\147\102\127\072\146\157}{subsection.4.4}% 23
\BOOKMARK [3][-]{subsubsection.4.4.4}{\376\377\000K\120\074\160\165\145\117\136\246}{subsection.4.4}% 24
\BOOKMARK [3][-]{subsubsection.4.4.5}{\376\377\215\335\171\273\121\154\137\017\160\165\145\117\136\246}{subsection.4.4}% 25
\BOOKMARK [1][-]{section.5}{\376\377\176\323\147\137\213\355}{}% 26
\BOOKMARK [1][-]{section*.25}{\376\377\000R\000e\000f\000e\000r\000e\000n\000c\000e\000s}{}% 27
